2017-11-10 09:17:35,777 [main] INFO  org.quartz.impl.StdSchedulerFactory - Using default implementation for ThreadExecutor
2017-11-10 09:17:35,785 [main] INFO  org.quartz.simpl.SimpleThreadPool - Job execution threads will use class loader of thread: main
2017-11-10 09:17:35,796 [main] INFO  org.quartz.core.SchedulerSignalerImpl - Initialized Scheduler Signaller of type: class org.quartz.core.SchedulerSignalerImpl
2017-11-10 09:17:35,796 [main] INFO  org.quartz.core.QuartzScheduler - Quartz Scheduler v.2.2.3 created.
2017-11-10 09:17:35,797 [main] INFO  org.quartz.simpl.RAMJobStore - RAMJobStore initialized.
2017-11-10 09:17:35,797 [main] INFO  org.quartz.core.QuartzScheduler - Scheduler meta-data: Quartz Scheduler (v2.2.3) 'DefaultQuartzScheduler' with instanceId 'NON_CLUSTERED'
  Scheduler class: 'org.quartz.core.QuartzScheduler' - running locally.
  NOT STARTED.
  Currently in standby mode.
  Number of jobs executed: 0
  Using thread pool 'org.quartz.simpl.SimpleThreadPool' - with 10 threads.
  Using job-store 'org.quartz.simpl.RAMJobStore' - which does not support persistence. and is not clustered.

2017-11-10 09:17:35,798 [main] INFO  org.quartz.impl.StdSchedulerFactory - Quartz scheduler 'DefaultQuartzScheduler' initialized from default resource file in Quartz package: 'quartz.properties'
2017-11-10 09:17:35,798 [main] INFO  org.quartz.impl.StdSchedulerFactory - Quartz scheduler version: 2.2.3
2017-11-10 09:17:35,798 [main] INFO  org.quartz.core.QuartzScheduler - Scheduler DefaultQuartzScheduler_$_NON_CLUSTERED shutting down.
2017-11-10 09:17:35,798 [main] INFO  org.quartz.core.QuartzScheduler - Scheduler DefaultQuartzScheduler_$_NON_CLUSTERED paused.
2017-11-10 09:17:35,798 [main] INFO  org.quartz.core.QuartzScheduler - Scheduler DefaultQuartzScheduler_$_NON_CLUSTERED shutdown complete.
2017-11-10 09:17:35,798 [main] INFO  org.apache.shiro.session.mgt.AbstractValidatingSessionManager - Disabled session validation scheduler.
2017-11-10 09:17:59,817 [main] INFO  org.quartz.impl.StdSchedulerFactory - Using default implementation for ThreadExecutor
2017-11-10 09:17:59,820 [main] INFO  org.quartz.simpl.SimpleThreadPool - Job execution threads will use class loader of thread: main
2017-11-10 09:17:59,830 [main] INFO  org.quartz.core.SchedulerSignalerImpl - Initialized Scheduler Signaller of type: class org.quartz.core.SchedulerSignalerImpl
2017-11-10 09:17:59,830 [main] INFO  org.quartz.core.QuartzScheduler - Quartz Scheduler v.2.2.3 created.
2017-11-10 09:17:59,831 [main] INFO  org.quartz.simpl.RAMJobStore - RAMJobStore initialized.
2017-11-10 09:17:59,832 [main] INFO  org.quartz.core.QuartzScheduler - Scheduler meta-data: Quartz Scheduler (v2.2.3) 'DefaultQuartzScheduler' with instanceId 'NON_CLUSTERED'
  Scheduler class: 'org.quartz.core.QuartzScheduler' - running locally.
  NOT STARTED.
  Currently in standby mode.
  Number of jobs executed: 0
  Using thread pool 'org.quartz.simpl.SimpleThreadPool' - with 10 threads.
  Using job-store 'org.quartz.simpl.RAMJobStore' - which does not support persistence. and is not clustered.

2017-11-10 09:17:59,832 [main] INFO  org.quartz.impl.StdSchedulerFactory - Quartz scheduler 'DefaultQuartzScheduler' initialized from default resource file in Quartz package: 'quartz.properties'
2017-11-10 09:17:59,832 [main] INFO  org.quartz.impl.StdSchedulerFactory - Quartz scheduler version: 2.2.3
2017-11-10 09:17:59,832 [main] INFO  org.quartz.core.QuartzScheduler - Scheduler DefaultQuartzScheduler_$_NON_CLUSTERED shutting down.
2017-11-10 09:17:59,832 [main] INFO  org.quartz.core.QuartzScheduler - Scheduler DefaultQuartzScheduler_$_NON_CLUSTERED paused.
2017-11-10 09:17:59,832 [main] INFO  org.quartz.core.QuartzScheduler - Scheduler DefaultQuartzScheduler_$_NON_CLUSTERED shutdown complete.
2017-11-10 09:17:59,833 [main] INFO  org.apache.shiro.session.mgt.AbstractValidatingSessionManager - Disabled session validation scheduler.
2017-11-10 09:24:18,749 [main] INFO  org.quartz.impl.StdSchedulerFactory - Using default implementation for ThreadExecutor
2017-11-10 09:24:18,753 [main] INFO  org.quartz.simpl.SimpleThreadPool - Job execution threads will use class loader of thread: main
2017-11-10 09:24:18,763 [main] INFO  org.quartz.core.SchedulerSignalerImpl - Initialized Scheduler Signaller of type: class org.quartz.core.SchedulerSignalerImpl
2017-11-10 09:24:18,764 [main] INFO  org.quartz.core.QuartzScheduler - Quartz Scheduler v.2.2.3 created.
2017-11-10 09:24:18,764 [main] INFO  org.quartz.simpl.RAMJobStore - RAMJobStore initialized.
2017-11-10 09:24:18,765 [main] INFO  org.quartz.core.QuartzScheduler - Scheduler meta-data: Quartz Scheduler (v2.2.3) 'DefaultQuartzScheduler' with instanceId 'NON_CLUSTERED'
  Scheduler class: 'org.quartz.core.QuartzScheduler' - running locally.
  NOT STARTED.
  Currently in standby mode.
  Number of jobs executed: 0
  Using thread pool 'org.quartz.simpl.SimpleThreadPool' - with 10 threads.
  Using job-store 'org.quartz.simpl.RAMJobStore' - which does not support persistence. and is not clustered.

2017-11-10 09:24:18,765 [main] INFO  org.quartz.impl.StdSchedulerFactory - Quartz scheduler 'DefaultQuartzScheduler' initialized from default resource file in Quartz package: 'quartz.properties'
2017-11-10 09:24:18,765 [main] INFO  org.quartz.impl.StdSchedulerFactory - Quartz scheduler version: 2.2.3
2017-11-10 09:24:18,765 [main] INFO  org.quartz.core.QuartzScheduler - Scheduler DefaultQuartzScheduler_$_NON_CLUSTERED shutting down.
2017-11-10 09:24:18,765 [main] INFO  org.quartz.core.QuartzScheduler - Scheduler DefaultQuartzScheduler_$_NON_CLUSTERED paused.
2017-11-10 09:24:18,766 [main] INFO  org.quartz.core.QuartzScheduler - Scheduler DefaultQuartzScheduler_$_NON_CLUSTERED shutdown complete.
2017-11-10 09:24:18,766 [main] INFO  org.apache.shiro.session.mgt.AbstractValidatingSessionManager - Disabled session validation scheduler.
2017-11-10 09:36:14,047 [main] INFO  org.quartz.impl.StdSchedulerFactory - Using default implementation for ThreadExecutor
2017-11-10 09:36:14,051 [main] INFO  org.quartz.simpl.SimpleThreadPool - Job execution threads will use class loader of thread: main
2017-11-10 09:36:14,060 [main] INFO  org.quartz.core.SchedulerSignalerImpl - Initialized Scheduler Signaller of type: class org.quartz.core.SchedulerSignalerImpl
2017-11-10 09:36:14,061 [main] INFO  org.quartz.core.QuartzScheduler - Quartz Scheduler v.2.2.3 created.
2017-11-10 09:36:14,061 [main] INFO  org.quartz.simpl.RAMJobStore - RAMJobStore initialized.
2017-11-10 09:36:14,062 [main] INFO  org.quartz.core.QuartzScheduler - Scheduler meta-data: Quartz Scheduler (v2.2.3) 'DefaultQuartzScheduler' with instanceId 'NON_CLUSTERED'
  Scheduler class: 'org.quartz.core.QuartzScheduler' - running locally.
  NOT STARTED.
  Currently in standby mode.
  Number of jobs executed: 0
  Using thread pool 'org.quartz.simpl.SimpleThreadPool' - with 10 threads.
  Using job-store 'org.quartz.simpl.RAMJobStore' - which does not support persistence. and is not clustered.

2017-11-10 09:36:14,062 [main] INFO  org.quartz.impl.StdSchedulerFactory - Quartz scheduler 'DefaultQuartzScheduler' initialized from default resource file in Quartz package: 'quartz.properties'
2017-11-10 09:36:14,064 [main] INFO  org.quartz.impl.StdSchedulerFactory - Quartz scheduler version: 2.2.3
2017-11-10 09:36:14,065 [main] INFO  org.quartz.core.QuartzScheduler - Scheduler DefaultQuartzScheduler_$_NON_CLUSTERED shutting down.
2017-11-10 09:36:14,067 [main] INFO  org.quartz.core.QuartzScheduler - Scheduler DefaultQuartzScheduler_$_NON_CLUSTERED paused.
2017-11-10 09:36:14,067 [main] INFO  org.quartz.core.QuartzScheduler - Scheduler DefaultQuartzScheduler_$_NON_CLUSTERED shutdown complete.
2017-11-10 09:36:14,067 [main] INFO  org.apache.shiro.session.mgt.AbstractValidatingSessionManager - Disabled session validation scheduler.
2017-11-10 09:43:52,197 [main] INFO  com.icinfo.framework.security.shiro.DefaultShiroChainServiceImpl - ====================================================
2017-11-10 09:43:52,199 [main] INFO  com.icinfo.framework.security.shiro.DefaultShiroChainServiceImpl - 权限加载完成，共耗时：0秒
2017-11-10 09:43:52,200 [main] INFO  com.icinfo.framework.security.shiro.DefaultShiroChainServiceImpl - 加载权限信息列表：
2017-11-10 09:43:52,200 [main] INFO  com.icinfo.framework.security.shiro.DefaultShiroChainServiceImpl - /admin=anon
2017-11-10 09:43:52,200 [main] INFO  com.icinfo.framework.security.shiro.DefaultShiroChainServiceImpl - /admin/=anon
2017-11-10 09:43:52,201 [main] INFO  com.icinfo.framework.security.shiro.DefaultShiroChainServiceImpl - /admin/dashboard=anon
2017-11-10 09:43:52,201 [main] INFO  com.icinfo.framework.security.shiro.DefaultShiroChainServiceImpl - /admin/login=anon
2017-11-10 09:43:52,201 [main] INFO  com.icinfo.framework.security.shiro.DefaultShiroChainServiceImpl - /admin/logout=logout
2017-11-10 09:43:52,201 [main] INFO  com.icinfo.framework.security.shiro.DefaultShiroChainServiceImpl - /admin/error/**=anon
2017-11-10 09:43:52,201 [main] INFO  com.icinfo.framework.security.shiro.DefaultShiroChainServiceImpl - /admin/**=anon
2017-11-10 09:43:52,201 [main] INFO  com.icinfo.framework.security.shiro.DefaultShiroChainServiceImpl - /**=anon
2017-11-10 09:43:52,201 [main] INFO  com.icinfo.framework.security.shiro.DefaultShiroChainServiceImpl - ====================================================
2017-11-10 09:43:52,321 [main] INFO  org.quartz.impl.StdSchedulerFactory - Using default implementation for ThreadExecutor
2017-11-10 09:43:52,331 [main] INFO  org.quartz.core.SchedulerSignalerImpl - Initialized Scheduler Signaller of type: class org.quartz.core.SchedulerSignalerImpl
2017-11-10 09:43:52,331 [main] INFO  org.quartz.core.QuartzScheduler - Quartz Scheduler v.2.2.3 created.
2017-11-10 09:43:52,331 [main] INFO  org.quartz.simpl.RAMJobStore - RAMJobStore initialized.
2017-11-10 09:43:52,332 [main] INFO  org.quartz.core.QuartzScheduler - Scheduler meta-data: Quartz Scheduler (v2.2.3) 'schedulerFactoryBean' with instanceId 'NON_CLUSTERED'
  Scheduler class: 'org.quartz.core.QuartzScheduler' - running locally.
  NOT STARTED.
  Currently in standby mode.
  Number of jobs executed: 0
  Using thread pool 'org.quartz.simpl.SimpleThreadPool' - with 10 threads.
  Using job-store 'org.quartz.simpl.RAMJobStore' - which does not support persistence. and is not clustered.

2017-11-10 09:43:52,332 [main] INFO  org.quartz.impl.StdSchedulerFactory - Quartz scheduler 'schedulerFactoryBean' initialized from an externally provided properties instance.
2017-11-10 09:43:52,332 [main] INFO  org.quartz.impl.StdSchedulerFactory - Quartz scheduler version: 2.2.3
2017-11-10 09:43:52,333 [main] INFO  org.quartz.core.QuartzScheduler - JobFactory set to: org.springframework.scheduling.quartz.AdaptableJobFactory@12bd8a64
2017-11-10 09:43:52,357 [main] INFO  org.quartz.core.QuartzScheduler - Scheduler schedulerFactoryBean_$_NON_CLUSTERED started.
2017-11-10 09:43:52,579 [main] DEBUG com.lh.blog.system.mapper.UserMapper.selectByPrimaryKey - ==>  Preparing: select id, user_name, password, age from user_t where id = ? 
2017-11-10 09:43:52,597 [main] DEBUG com.lh.blog.system.mapper.UserMapper.selectByPrimaryKey - ==> Parameters: 1(Integer)
2017-11-10 09:43:52,611 [main] DEBUG com.lh.blog.system.mapper.UserMapper.selectByPrimaryKey - <==      Total: 1
2017-11-10 09:45:21,385 [main] INFO  org.quartz.impl.StdSchedulerFactory - Using default implementation for ThreadExecutor
2017-11-10 09:45:21,389 [main] INFO  org.quartz.simpl.SimpleThreadPool - Job execution threads will use class loader of thread: main
2017-11-10 09:45:21,399 [main] INFO  org.quartz.core.SchedulerSignalerImpl - Initialized Scheduler Signaller of type: class org.quartz.core.SchedulerSignalerImpl
2017-11-10 09:45:21,399 [main] INFO  org.quartz.core.QuartzScheduler - Quartz Scheduler v.2.2.3 created.
2017-11-10 09:45:21,400 [main] INFO  org.quartz.simpl.RAMJobStore - RAMJobStore initialized.
2017-11-10 09:45:21,401 [main] INFO  org.quartz.core.QuartzScheduler - Scheduler meta-data: Quartz Scheduler (v2.2.3) 'DefaultQuartzScheduler' with instanceId 'NON_CLUSTERED'
  Scheduler class: 'org.quartz.core.QuartzScheduler' - running locally.
  NOT STARTED.
  Currently in standby mode.
  Number of jobs executed: 0
  Using thread pool 'org.quartz.simpl.SimpleThreadPool' - with 10 threads.
  Using job-store 'org.quartz.simpl.RAMJobStore' - which does not support persistence. and is not clustered.

2017-11-10 09:45:21,401 [main] INFO  org.quartz.impl.StdSchedulerFactory - Quartz scheduler 'DefaultQuartzScheduler' initialized from default resource file in Quartz package: 'quartz.properties'
2017-11-10 09:45:21,401 [main] INFO  org.quartz.impl.StdSchedulerFactory - Quartz scheduler version: 2.2.3
2017-11-10 09:45:21,401 [main] INFO  org.quartz.core.QuartzScheduler - Scheduler DefaultQuartzScheduler_$_NON_CLUSTERED shutting down.
2017-11-10 09:45:21,402 [main] INFO  org.quartz.core.QuartzScheduler - Scheduler DefaultQuartzScheduler_$_NON_CLUSTERED paused.
2017-11-10 09:45:21,402 [main] INFO  org.quartz.core.QuartzScheduler - Scheduler DefaultQuartzScheduler_$_NON_CLUSTERED shutdown complete.
2017-11-10 09:45:21,402 [main] INFO  org.apache.shiro.session.mgt.AbstractValidatingSessionManager - Disabled session validation scheduler.
2017-11-10 09:45:37,851 [main] INFO  com.icinfo.framework.security.shiro.DefaultShiroChainServiceImpl - ====================================================
2017-11-10 09:45:37,853 [main] INFO  com.icinfo.framework.security.shiro.DefaultShiroChainServiceImpl - 权限加载完成，共耗时：0秒
2017-11-10 09:45:37,853 [main] INFO  com.icinfo.framework.security.shiro.DefaultShiroChainServiceImpl - 加载权限信息列表：
2017-11-10 09:45:37,854 [main] INFO  com.icinfo.framework.security.shiro.DefaultShiroChainServiceImpl - /admin=anon
2017-11-10 09:45:37,854 [main] INFO  com.icinfo.framework.security.shiro.DefaultShiroChainServiceImpl - /admin/=anon
2017-11-10 09:45:37,854 [main] INFO  com.icinfo.framework.security.shiro.DefaultShiroChainServiceImpl - /admin/dashboard=anon
2017-11-10 09:45:37,854 [main] INFO  com.icinfo.framework.security.shiro.DefaultShiroChainServiceImpl - /admin/login=anon
2017-11-10 09:45:37,854 [main] INFO  com.icinfo.framework.security.shiro.DefaultShiroChainServiceImpl - /admin/logout=logout
2017-11-10 09:45:37,854 [main] INFO  com.icinfo.framework.security.shiro.DefaultShiroChainServiceImpl - /admin/error/**=anon
2017-11-10 09:45:37,854 [main] INFO  com.icinfo.framework.security.shiro.DefaultShiroChainServiceImpl - /admin/**=anon
2017-11-10 09:45:37,854 [main] INFO  com.icinfo.framework.security.shiro.DefaultShiroChainServiceImpl - /**=anon
2017-11-10 09:45:37,854 [main] INFO  com.icinfo.framework.security.shiro.DefaultShiroChainServiceImpl - ====================================================
2017-11-10 09:45:38,006 [main] INFO  org.quartz.impl.StdSchedulerFactory - Using default implementation for ThreadExecutor
2017-11-10 09:45:38,016 [main] INFO  org.quartz.core.SchedulerSignalerImpl - Initialized Scheduler Signaller of type: class org.quartz.core.SchedulerSignalerImpl
2017-11-10 09:45:38,017 [main] INFO  org.quartz.core.QuartzScheduler - Quartz Scheduler v.2.2.3 created.
2017-11-10 09:45:38,017 [main] INFO  org.quartz.simpl.RAMJobStore - RAMJobStore initialized.
2017-11-10 09:45:38,018 [main] INFO  org.quartz.core.QuartzScheduler - Scheduler meta-data: Quartz Scheduler (v2.2.3) 'schedulerFactoryBean' with instanceId 'NON_CLUSTERED'
  Scheduler class: 'org.quartz.core.QuartzScheduler' - running locally.
  NOT STARTED.
  Currently in standby mode.
  Number of jobs executed: 0
  Using thread pool 'org.quartz.simpl.SimpleThreadPool' - with 10 threads.
  Using job-store 'org.quartz.simpl.RAMJobStore' - which does not support persistence. and is not clustered.

2017-11-10 09:45:38,018 [main] INFO  org.quartz.impl.StdSchedulerFactory - Quartz scheduler 'schedulerFactoryBean' initialized from an externally provided properties instance.
2017-11-10 09:45:38,018 [main] INFO  org.quartz.impl.StdSchedulerFactory - Quartz scheduler version: 2.2.3
2017-11-10 09:45:38,019 [main] INFO  org.quartz.core.QuartzScheduler - JobFactory set to: org.springframework.scheduling.quartz.AdaptableJobFactory@49872d67
2017-11-10 09:45:38,134 [main] INFO  org.quartz.core.QuartzScheduler - Scheduler schedulerFactoryBean_$_NON_CLUSTERED started.
2017-11-10 09:45:38,356 [main] DEBUG com.lh.blog.system.mapper.UserMapper.selectByPrimaryKey - ==>  Preparing: select id, user_name, password, age from user_t where id = ? 
2017-11-10 09:45:38,376 [main] DEBUG com.lh.blog.system.mapper.UserMapper.selectByPrimaryKey - ==> Parameters: 1(Integer)
2017-11-10 09:45:38,388 [main] DEBUG com.lh.blog.system.mapper.UserMapper.selectByPrimaryKey - <==      Total: 1
2017-11-10 09:45:58,184 [main] INFO  org.quartz.impl.StdSchedulerFactory - Using default implementation for ThreadExecutor
2017-11-10 09:45:58,189 [main] INFO  org.quartz.simpl.SimpleThreadPool - Job execution threads will use class loader of thread: main
2017-11-10 09:45:58,200 [main] INFO  org.quartz.core.SchedulerSignalerImpl - Initialized Scheduler Signaller of type: class org.quartz.core.SchedulerSignalerImpl
2017-11-10 09:45:58,200 [main] INFO  org.quartz.core.QuartzScheduler - Quartz Scheduler v.2.2.3 created.
2017-11-10 09:45:58,201 [main] INFO  org.quartz.simpl.RAMJobStore - RAMJobStore initialized.
2017-11-10 09:45:58,202 [main] INFO  org.quartz.core.QuartzScheduler - Scheduler meta-data: Quartz Scheduler (v2.2.3) 'DefaultQuartzScheduler' with instanceId 'NON_CLUSTERED'
  Scheduler class: 'org.quartz.core.QuartzScheduler' - running locally.
  NOT STARTED.
  Currently in standby mode.
  Number of jobs executed: 0
  Using thread pool 'org.quartz.simpl.SimpleThreadPool' - with 10 threads.
  Using job-store 'org.quartz.simpl.RAMJobStore' - which does not support persistence. and is not clustered.

2017-11-10 09:45:58,202 [main] INFO  org.quartz.impl.StdSchedulerFactory - Quartz scheduler 'DefaultQuartzScheduler' initialized from default resource file in Quartz package: 'quartz.properties'
2017-11-10 09:45:58,202 [main] INFO  org.quartz.impl.StdSchedulerFactory - Quartz scheduler version: 2.2.3
2017-11-10 09:45:58,202 [main] INFO  org.quartz.core.QuartzScheduler - Scheduler DefaultQuartzScheduler_$_NON_CLUSTERED shutting down.
2017-11-10 09:45:58,202 [main] INFO  org.quartz.core.QuartzScheduler - Scheduler DefaultQuartzScheduler_$_NON_CLUSTERED paused.
2017-11-10 09:45:58,202 [main] INFO  org.quartz.core.QuartzScheduler - Scheduler DefaultQuartzScheduler_$_NON_CLUSTERED shutdown complete.
2017-11-10 09:45:58,202 [main] INFO  org.apache.shiro.session.mgt.AbstractValidatingSessionManager - Disabled session validation scheduler.
2017-11-10 09:50:43,349 [main] INFO  org.quartz.impl.StdSchedulerFactory - Using default implementation for ThreadExecutor
2017-11-10 09:50:43,353 [main] INFO  org.quartz.simpl.SimpleThreadPool - Job execution threads will use class loader of thread: main
2017-11-10 09:50:43,362 [main] INFO  org.quartz.core.SchedulerSignalerImpl - Initialized Scheduler Signaller of type: class org.quartz.core.SchedulerSignalerImpl
2017-11-10 09:50:43,363 [main] INFO  org.quartz.core.QuartzScheduler - Quartz Scheduler v.2.2.3 created.
2017-11-10 09:50:43,364 [main] INFO  org.quartz.simpl.RAMJobStore - RAMJobStore initialized.
2017-11-10 09:50:43,365 [main] INFO  org.quartz.core.QuartzScheduler - Scheduler meta-data: Quartz Scheduler (v2.2.3) 'DefaultQuartzScheduler' with instanceId 'NON_CLUSTERED'
  Scheduler class: 'org.quartz.core.QuartzScheduler' - running locally.
  NOT STARTED.
  Currently in standby mode.
  Number of jobs executed: 0
  Using thread pool 'org.quartz.simpl.SimpleThreadPool' - with 10 threads.
  Using job-store 'org.quartz.simpl.RAMJobStore' - which does not support persistence. and is not clustered.

2017-11-10 09:50:43,365 [main] INFO  org.quartz.impl.StdSchedulerFactory - Quartz scheduler 'DefaultQuartzScheduler' initialized from default resource file in Quartz package: 'quartz.properties'
2017-11-10 09:50:43,365 [main] INFO  org.quartz.impl.StdSchedulerFactory - Quartz scheduler version: 2.2.3
2017-11-10 09:50:43,365 [main] INFO  org.quartz.core.QuartzScheduler - Scheduler DefaultQuartzScheduler_$_NON_CLUSTERED shutting down.
2017-11-10 09:50:43,365 [main] INFO  org.quartz.core.QuartzScheduler - Scheduler DefaultQuartzScheduler_$_NON_CLUSTERED paused.
2017-11-10 09:50:43,366 [main] INFO  org.quartz.core.QuartzScheduler - Scheduler DefaultQuartzScheduler_$_NON_CLUSTERED shutdown complete.
2017-11-10 09:50:43,366 [main] INFO  org.apache.shiro.session.mgt.AbstractValidatingSessionManager - Disabled session validation scheduler.
2017-11-10 09:52:15,757 [main] INFO  org.quartz.impl.StdSchedulerFactory - Using default implementation for ThreadExecutor
2017-11-10 09:52:15,761 [main] INFO  org.quartz.simpl.SimpleThreadPool - Job execution threads will use class loader of thread: main
2017-11-10 09:52:15,769 [main] INFO  org.quartz.core.SchedulerSignalerImpl - Initialized Scheduler Signaller of type: class org.quartz.core.SchedulerSignalerImpl
2017-11-10 09:52:15,769 [main] INFO  org.quartz.core.QuartzScheduler - Quartz Scheduler v.2.2.3 created.
2017-11-10 09:52:15,769 [main] INFO  org.quartz.simpl.RAMJobStore - RAMJobStore initialized.
2017-11-10 09:52:15,770 [main] INFO  org.quartz.core.QuartzScheduler - Scheduler meta-data: Quartz Scheduler (v2.2.3) 'DefaultQuartzScheduler' with instanceId 'NON_CLUSTERED'
  Scheduler class: 'org.quartz.core.QuartzScheduler' - running locally.
  NOT STARTED.
  Currently in standby mode.
  Number of jobs executed: 0
  Using thread pool 'org.quartz.simpl.SimpleThreadPool' - with 10 threads.
  Using job-store 'org.quartz.simpl.RAMJobStore' - which does not support persistence. and is not clustered.

2017-11-10 09:52:15,770 [main] INFO  org.quartz.impl.StdSchedulerFactory - Quartz scheduler 'DefaultQuartzScheduler' initialized from default resource file in Quartz package: 'quartz.properties'
2017-11-10 09:52:15,770 [main] INFO  org.quartz.impl.StdSchedulerFactory - Quartz scheduler version: 2.2.3
2017-11-10 09:52:15,770 [main] INFO  org.quartz.core.QuartzScheduler - Scheduler DefaultQuartzScheduler_$_NON_CLUSTERED shutting down.
2017-11-10 09:52:15,770 [main] INFO  org.quartz.core.QuartzScheduler - Scheduler DefaultQuartzScheduler_$_NON_CLUSTERED paused.
2017-11-10 09:52:15,771 [main] INFO  org.quartz.core.QuartzScheduler - Scheduler DefaultQuartzScheduler_$_NON_CLUSTERED shutdown complete.
2017-11-10 09:52:15,771 [main] INFO  org.apache.shiro.session.mgt.AbstractValidatingSessionManager - Disabled session validation scheduler.
2017-11-10 09:52:48,961 [main] INFO  org.quartz.impl.StdSchedulerFactory - Using default implementation for ThreadExecutor
2017-11-10 09:52:48,965 [main] INFO  org.quartz.simpl.SimpleThreadPool - Job execution threads will use class loader of thread: main
2017-11-10 09:52:48,973 [main] INFO  org.quartz.core.SchedulerSignalerImpl - Initialized Scheduler Signaller of type: class org.quartz.core.SchedulerSignalerImpl
2017-11-10 09:52:48,973 [main] INFO  org.quartz.core.QuartzScheduler - Quartz Scheduler v.2.2.3 created.
2017-11-10 09:52:48,974 [main] INFO  org.quartz.simpl.RAMJobStore - RAMJobStore initialized.
2017-11-10 09:52:48,974 [main] INFO  org.quartz.core.QuartzScheduler - Scheduler meta-data: Quartz Scheduler (v2.2.3) 'DefaultQuartzScheduler' with instanceId 'NON_CLUSTERED'
  Scheduler class: 'org.quartz.core.QuartzScheduler' - running locally.
  NOT STARTED.
  Currently in standby mode.
  Number of jobs executed: 0
  Using thread pool 'org.quartz.simpl.SimpleThreadPool' - with 10 threads.
  Using job-store 'org.quartz.simpl.RAMJobStore' - which does not support persistence. and is not clustered.

2017-11-10 09:52:48,974 [main] INFO  org.quartz.impl.StdSchedulerFactory - Quartz scheduler 'DefaultQuartzScheduler' initialized from default resource file in Quartz package: 'quartz.properties'
2017-11-10 09:52:48,974 [main] INFO  org.quartz.impl.StdSchedulerFactory - Quartz scheduler version: 2.2.3
2017-11-10 09:52:48,974 [main] INFO  org.quartz.core.QuartzScheduler - Scheduler DefaultQuartzScheduler_$_NON_CLUSTERED shutting down.
2017-11-10 09:52:48,974 [main] INFO  org.quartz.core.QuartzScheduler - Scheduler DefaultQuartzScheduler_$_NON_CLUSTERED paused.
2017-11-10 09:52:48,975 [main] INFO  org.quartz.core.QuartzScheduler - Scheduler DefaultQuartzScheduler_$_NON_CLUSTERED shutdown complete.
2017-11-10 09:52:48,975 [main] INFO  org.apache.shiro.session.mgt.AbstractValidatingSessionManager - Disabled session validation scheduler.
2017-11-10 10:01:15,541 [main] INFO  org.quartz.impl.StdSchedulerFactory - Using default implementation for ThreadExecutor
2017-11-10 10:01:15,545 [main] INFO  org.quartz.simpl.SimpleThreadPool - Job execution threads will use class loader of thread: main
2017-11-10 10:01:15,554 [main] INFO  org.quartz.core.SchedulerSignalerImpl - Initialized Scheduler Signaller of type: class org.quartz.core.SchedulerSignalerImpl
2017-11-10 10:01:15,554 [main] INFO  org.quartz.core.QuartzScheduler - Quartz Scheduler v.2.2.3 created.
2017-11-10 10:01:15,554 [main] INFO  org.quartz.simpl.RAMJobStore - RAMJobStore initialized.
2017-11-10 10:01:15,555 [main] INFO  org.quartz.core.QuartzScheduler - Scheduler meta-data: Quartz Scheduler (v2.2.3) 'DefaultQuartzScheduler' with instanceId 'NON_CLUSTERED'
  Scheduler class: 'org.quartz.core.QuartzScheduler' - running locally.
  NOT STARTED.
  Currently in standby mode.
  Number of jobs executed: 0
  Using thread pool 'org.quartz.simpl.SimpleThreadPool' - with 10 threads.
  Using job-store 'org.quartz.simpl.RAMJobStore' - which does not support persistence. and is not clustered.

2017-11-10 10:01:15,555 [main] INFO  org.quartz.impl.StdSchedulerFactory - Quartz scheduler 'DefaultQuartzScheduler' initialized from default resource file in Quartz package: 'quartz.properties'
2017-11-10 10:01:15,555 [main] INFO  org.quartz.impl.StdSchedulerFactory - Quartz scheduler version: 2.2.3
2017-11-10 10:01:15,555 [main] INFO  org.quartz.core.QuartzScheduler - Scheduler DefaultQuartzScheduler_$_NON_CLUSTERED shutting down.
2017-11-10 10:01:15,555 [main] INFO  org.quartz.core.QuartzScheduler - Scheduler DefaultQuartzScheduler_$_NON_CLUSTERED paused.
2017-11-10 10:01:15,555 [main] INFO  org.quartz.core.QuartzScheduler - Scheduler DefaultQuartzScheduler_$_NON_CLUSTERED shutdown complete.
2017-11-10 10:01:15,556 [main] INFO  org.apache.shiro.session.mgt.AbstractValidatingSessionManager - Disabled session validation scheduler.
2017-11-10 10:08:32,956 [main] INFO  org.quartz.impl.StdSchedulerFactory - Using default implementation for ThreadExecutor
2017-11-10 10:08:32,959 [main] INFO  org.quartz.simpl.SimpleThreadPool - Job execution threads will use class loader of thread: main
2017-11-10 10:08:32,968 [main] INFO  org.quartz.core.SchedulerSignalerImpl - Initialized Scheduler Signaller of type: class org.quartz.core.SchedulerSignalerImpl
2017-11-10 10:08:32,968 [main] INFO  org.quartz.core.QuartzScheduler - Quartz Scheduler v.2.2.3 created.
2017-11-10 10:08:32,969 [main] INFO  org.quartz.simpl.RAMJobStore - RAMJobStore initialized.
2017-11-10 10:08:32,970 [main] INFO  org.quartz.core.QuartzScheduler - Scheduler meta-data: Quartz Scheduler (v2.2.3) 'DefaultQuartzScheduler' with instanceId 'NON_CLUSTERED'
  Scheduler class: 'org.quartz.core.QuartzScheduler' - running locally.
  NOT STARTED.
  Currently in standby mode.
  Number of jobs executed: 0
  Using thread pool 'org.quartz.simpl.SimpleThreadPool' - with 10 threads.
  Using job-store 'org.quartz.simpl.RAMJobStore' - which does not support persistence. and is not clustered.

2017-11-10 10:08:32,970 [main] INFO  org.quartz.impl.StdSchedulerFactory - Quartz scheduler 'DefaultQuartzScheduler' initialized from default resource file in Quartz package: 'quartz.properties'
2017-11-10 10:08:32,970 [main] INFO  org.quartz.impl.StdSchedulerFactory - Quartz scheduler version: 2.2.3
2017-11-10 10:08:32,970 [main] INFO  org.quartz.core.QuartzScheduler - Scheduler DefaultQuartzScheduler_$_NON_CLUSTERED shutting down.
2017-11-10 10:08:32,970 [main] INFO  org.quartz.core.QuartzScheduler - Scheduler DefaultQuartzScheduler_$_NON_CLUSTERED paused.
2017-11-10 10:08:32,970 [main] INFO  org.quartz.core.QuartzScheduler - Scheduler DefaultQuartzScheduler_$_NON_CLUSTERED shutdown complete.
2017-11-10 10:08:32,970 [main] INFO  org.apache.shiro.session.mgt.AbstractValidatingSessionManager - Disabled session validation scheduler.
2017-11-10 10:11:03,500 [main] INFO  org.quartz.impl.StdSchedulerFactory - Using default implementation for ThreadExecutor
2017-11-10 10:11:03,503 [main] INFO  org.quartz.simpl.SimpleThreadPool - Job execution threads will use class loader of thread: main
2017-11-10 10:11:03,512 [main] INFO  org.quartz.core.SchedulerSignalerImpl - Initialized Scheduler Signaller of type: class org.quartz.core.SchedulerSignalerImpl
2017-11-10 10:11:03,512 [main] INFO  org.quartz.core.QuartzScheduler - Quartz Scheduler v.2.2.3 created.
2017-11-10 10:11:03,513 [main] INFO  org.quartz.simpl.RAMJobStore - RAMJobStore initialized.
2017-11-10 10:11:03,513 [main] INFO  org.quartz.core.QuartzScheduler - Scheduler meta-data: Quartz Scheduler (v2.2.3) 'DefaultQuartzScheduler' with instanceId 'NON_CLUSTERED'
  Scheduler class: 'org.quartz.core.QuartzScheduler' - running locally.
  NOT STARTED.
  Currently in standby mode.
  Number of jobs executed: 0
  Using thread pool 'org.quartz.simpl.SimpleThreadPool' - with 10 threads.
  Using job-store 'org.quartz.simpl.RAMJobStore' - which does not support persistence. and is not clustered.

2017-11-10 10:11:03,513 [main] INFO  org.quartz.impl.StdSchedulerFactory - Quartz scheduler 'DefaultQuartzScheduler' initialized from default resource file in Quartz package: 'quartz.properties'
2017-11-10 10:11:03,513 [main] INFO  org.quartz.impl.StdSchedulerFactory - Quartz scheduler version: 2.2.3
2017-11-10 10:11:03,514 [main] INFO  org.quartz.core.QuartzScheduler - Scheduler DefaultQuartzScheduler_$_NON_CLUSTERED shutting down.
2017-11-10 10:11:03,514 [main] INFO  org.quartz.core.QuartzScheduler - Scheduler DefaultQuartzScheduler_$_NON_CLUSTERED paused.
2017-11-10 10:11:03,514 [main] INFO  org.quartz.core.QuartzScheduler - Scheduler DefaultQuartzScheduler_$_NON_CLUSTERED shutdown complete.
2017-11-10 10:11:03,514 [main] INFO  org.apache.shiro.session.mgt.AbstractValidatingSessionManager - Disabled session validation scheduler.
2017-11-10 10:12:40,731 [main] INFO  org.quartz.impl.StdSchedulerFactory - Using default implementation for ThreadExecutor
2017-11-10 10:12:40,734 [main] INFO  org.quartz.simpl.SimpleThreadPool - Job execution threads will use class loader of thread: main
2017-11-10 10:12:40,742 [main] INFO  org.quartz.core.SchedulerSignalerImpl - Initialized Scheduler Signaller of type: class org.quartz.core.SchedulerSignalerImpl
2017-11-10 10:12:40,742 [main] INFO  org.quartz.core.QuartzScheduler - Quartz Scheduler v.2.2.3 created.
2017-11-10 10:12:40,743 [main] INFO  org.quartz.simpl.RAMJobStore - RAMJobStore initialized.
2017-11-10 10:12:40,744 [main] INFO  org.quartz.core.QuartzScheduler - Scheduler meta-data: Quartz Scheduler (v2.2.3) 'DefaultQuartzScheduler' with instanceId 'NON_CLUSTERED'
  Scheduler class: 'org.quartz.core.QuartzScheduler' - running locally.
  NOT STARTED.
  Currently in standby mode.
  Number of jobs executed: 0
  Using thread pool 'org.quartz.simpl.SimpleThreadPool' - with 10 threads.
  Using job-store 'org.quartz.simpl.RAMJobStore' - which does not support persistence. and is not clustered.

2017-11-10 10:12:40,744 [main] INFO  org.quartz.impl.StdSchedulerFactory - Quartz scheduler 'DefaultQuartzScheduler' initialized from default resource file in Quartz package: 'quartz.properties'
2017-11-10 10:12:40,744 [main] INFO  org.quartz.impl.StdSchedulerFactory - Quartz scheduler version: 2.2.3
2017-11-10 10:12:40,744 [main] INFO  org.quartz.core.QuartzScheduler - Scheduler DefaultQuartzScheduler_$_NON_CLUSTERED shutting down.
2017-11-10 10:12:40,744 [main] INFO  org.quartz.core.QuartzScheduler - Scheduler DefaultQuartzScheduler_$_NON_CLUSTERED paused.
2017-11-10 10:12:40,744 [main] INFO  org.quartz.core.QuartzScheduler - Scheduler DefaultQuartzScheduler_$_NON_CLUSTERED shutdown complete.
2017-11-10 10:12:40,744 [main] INFO  org.apache.shiro.session.mgt.AbstractValidatingSessionManager - Disabled session validation scheduler.
2017-11-10 10:14:21,625 [main] INFO  org.quartz.impl.StdSchedulerFactory - Using default implementation for ThreadExecutor
2017-11-10 10:14:21,628 [main] INFO  org.quartz.simpl.SimpleThreadPool - Job execution threads will use class loader of thread: main
2017-11-10 10:14:21,636 [main] INFO  org.quartz.core.SchedulerSignalerImpl - Initialized Scheduler Signaller of type: class org.quartz.core.SchedulerSignalerImpl
2017-11-10 10:14:21,637 [main] INFO  org.quartz.core.QuartzScheduler - Quartz Scheduler v.2.2.3 created.
2017-11-10 10:14:21,637 [main] INFO  org.quartz.simpl.RAMJobStore - RAMJobStore initialized.
2017-11-10 10:14:21,638 [main] INFO  org.quartz.core.QuartzScheduler - Scheduler meta-data: Quartz Scheduler (v2.2.3) 'DefaultQuartzScheduler' with instanceId 'NON_CLUSTERED'
  Scheduler class: 'org.quartz.core.QuartzScheduler' - running locally.
  NOT STARTED.
  Currently in standby mode.
  Number of jobs executed: 0
  Using thread pool 'org.quartz.simpl.SimpleThreadPool' - with 10 threads.
  Using job-store 'org.quartz.simpl.RAMJobStore' - which does not support persistence. and is not clustered.

2017-11-10 10:14:21,638 [main] INFO  org.quartz.impl.StdSchedulerFactory - Quartz scheduler 'DefaultQuartzScheduler' initialized from default resource file in Quartz package: 'quartz.properties'
2017-11-10 10:14:21,638 [main] INFO  org.quartz.impl.StdSchedulerFactory - Quartz scheduler version: 2.2.3
2017-11-10 10:14:21,638 [main] INFO  org.quartz.core.QuartzScheduler - Scheduler DefaultQuartzScheduler_$_NON_CLUSTERED shutting down.
2017-11-10 10:14:21,638 [main] INFO  org.quartz.core.QuartzScheduler - Scheduler DefaultQuartzScheduler_$_NON_CLUSTERED paused.
2017-11-10 10:14:21,639 [main] INFO  org.quartz.core.QuartzScheduler - Scheduler DefaultQuartzScheduler_$_NON_CLUSTERED shutdown complete.
2017-11-10 10:14:21,639 [main] INFO  org.apache.shiro.session.mgt.AbstractValidatingSessionManager - Disabled session validation scheduler.
2017-11-10 10:24:31,160 [main] INFO  com.icinfo.framework.security.shiro.DefaultShiroChainServiceImpl - ====================================================
2017-11-10 10:24:31,162 [main] INFO  com.icinfo.framework.security.shiro.DefaultShiroChainServiceImpl - 权限加载完成，共耗时：0秒
2017-11-10 10:24:31,162 [main] INFO  com.icinfo.framework.security.shiro.DefaultShiroChainServiceImpl - 加载权限信息列表：
2017-11-10 10:24:31,162 [main] INFO  com.icinfo.framework.security.shiro.DefaultShiroChainServiceImpl - /admin=anon
2017-11-10 10:24:31,162 [main] INFO  com.icinfo.framework.security.shiro.DefaultShiroChainServiceImpl - /admin/=anon
2017-11-10 10:24:31,162 [main] INFO  com.icinfo.framework.security.shiro.DefaultShiroChainServiceImpl - /admin/dashboard=anon
2017-11-10 10:24:31,162 [main] INFO  com.icinfo.framework.security.shiro.DefaultShiroChainServiceImpl - /admin/login=anon
2017-11-10 10:24:31,162 [main] INFO  com.icinfo.framework.security.shiro.DefaultShiroChainServiceImpl - /admin/logout=logout
2017-11-10 10:24:31,162 [main] INFO  com.icinfo.framework.security.shiro.DefaultShiroChainServiceImpl - /admin/error/**=anon
2017-11-10 10:24:31,162 [main] INFO  com.icinfo.framework.security.shiro.DefaultShiroChainServiceImpl - /admin/**=anon
2017-11-10 10:24:31,162 [main] INFO  com.icinfo.framework.security.shiro.DefaultShiroChainServiceImpl - /**=anon
2017-11-10 10:24:31,162 [main] INFO  com.icinfo.framework.security.shiro.DefaultShiroChainServiceImpl - ====================================================
2017-11-10 10:24:31,282 [main] INFO  org.quartz.impl.StdSchedulerFactory - Using default implementation for ThreadExecutor
2017-11-10 10:24:31,334 [main] INFO  org.quartz.core.SchedulerSignalerImpl - Initialized Scheduler Signaller of type: class org.quartz.core.SchedulerSignalerImpl
2017-11-10 10:24:31,334 [main] INFO  org.quartz.core.QuartzScheduler - Quartz Scheduler v.2.2.3 created.
2017-11-10 10:24:31,335 [main] INFO  org.quartz.simpl.RAMJobStore - RAMJobStore initialized.
2017-11-10 10:24:31,335 [main] INFO  org.quartz.core.QuartzScheduler - Scheduler meta-data: Quartz Scheduler (v2.2.3) 'schedulerFactoryBean' with instanceId 'NON_CLUSTERED'
  Scheduler class: 'org.quartz.core.QuartzScheduler' - running locally.
  NOT STARTED.
  Currently in standby mode.
  Number of jobs executed: 0
  Using thread pool 'org.quartz.simpl.SimpleThreadPool' - with 10 threads.
  Using job-store 'org.quartz.simpl.RAMJobStore' - which does not support persistence. and is not clustered.

2017-11-10 10:24:31,335 [main] INFO  org.quartz.impl.StdSchedulerFactory - Quartz scheduler 'schedulerFactoryBean' initialized from an externally provided properties instance.
2017-11-10 10:24:31,336 [main] INFO  org.quartz.impl.StdSchedulerFactory - Quartz scheduler version: 2.2.3
2017-11-10 10:24:31,337 [main] INFO  org.quartz.core.QuartzScheduler - JobFactory set to: org.springframework.scheduling.quartz.AdaptableJobFactory@49872d67
2017-11-10 10:24:31,456 [main] INFO  org.quartz.core.QuartzScheduler - Scheduler schedulerFactoryBean_$_NON_CLUSTERED started.
2017-11-10 10:24:31,679 [main] DEBUG com.lh.blog.system.mapper.UserMapper.selectByPrimaryKey - ==>  Preparing: select id, user_name, password, age from user_t where id = ? 
2017-11-10 10:24:31,697 [main] DEBUG com.lh.blog.system.mapper.UserMapper.selectByPrimaryKey - ==> Parameters: 1(Integer)
2017-11-10 10:24:31,711 [main] DEBUG com.lh.blog.system.mapper.UserMapper.selectByPrimaryKey - <==      Total: 1
2017-11-10 10:25:07,487 [main] INFO  org.quartz.impl.StdSchedulerFactory - Using default implementation for ThreadExecutor
2017-11-10 10:25:07,491 [main] INFO  org.quartz.simpl.SimpleThreadPool - Job execution threads will use class loader of thread: main
2017-11-10 10:25:07,502 [main] INFO  org.quartz.core.SchedulerSignalerImpl - Initialized Scheduler Signaller of type: class org.quartz.core.SchedulerSignalerImpl
2017-11-10 10:25:07,502 [main] INFO  org.quartz.core.QuartzScheduler - Quartz Scheduler v.2.2.3 created.
2017-11-10 10:25:07,503 [main] INFO  org.quartz.simpl.RAMJobStore - RAMJobStore initialized.
2017-11-10 10:25:07,504 [main] INFO  org.quartz.core.QuartzScheduler - Scheduler meta-data: Quartz Scheduler (v2.2.3) 'DefaultQuartzScheduler' with instanceId 'NON_CLUSTERED'
  Scheduler class: 'org.quartz.core.QuartzScheduler' - running locally.
  NOT STARTED.
  Currently in standby mode.
  Number of jobs executed: 0
  Using thread pool 'org.quartz.simpl.SimpleThreadPool' - with 10 threads.
  Using job-store 'org.quartz.simpl.RAMJobStore' - which does not support persistence. and is not clustered.

2017-11-10 10:25:07,504 [main] INFO  org.quartz.impl.StdSchedulerFactory - Quartz scheduler 'DefaultQuartzScheduler' initialized from default resource file in Quartz package: 'quartz.properties'
2017-11-10 10:25:07,504 [main] INFO  org.quartz.impl.StdSchedulerFactory - Quartz scheduler version: 2.2.3
2017-11-10 10:25:07,504 [main] INFO  org.quartz.core.QuartzScheduler - Scheduler DefaultQuartzScheduler_$_NON_CLUSTERED shutting down.
2017-11-10 10:25:07,505 [main] INFO  org.quartz.core.QuartzScheduler - Scheduler DefaultQuartzScheduler_$_NON_CLUSTERED paused.
2017-11-10 10:25:07,505 [main] INFO  org.quartz.core.QuartzScheduler - Scheduler DefaultQuartzScheduler_$_NON_CLUSTERED shutdown complete.
2017-11-10 10:25:07,505 [main] INFO  org.apache.shiro.session.mgt.AbstractValidatingSessionManager - Disabled session validation scheduler.
2017-11-10 10:38:42,638 [main] INFO  com.icinfo.framework.security.shiro.DefaultShiroChainServiceImpl - ====================================================
2017-11-10 10:38:42,640 [main] INFO  com.icinfo.framework.security.shiro.DefaultShiroChainServiceImpl - 权限加载完成，共耗时：0秒
2017-11-10 10:38:42,640 [main] INFO  com.icinfo.framework.security.shiro.DefaultShiroChainServiceImpl - 加载权限信息列表：
2017-11-10 10:38:42,640 [main] INFO  com.icinfo.framework.security.shiro.DefaultShiroChainServiceImpl - /admin=anon
2017-11-10 10:38:42,640 [main] INFO  com.icinfo.framework.security.shiro.DefaultShiroChainServiceImpl - /admin/=anon
2017-11-10 10:38:42,640 [main] INFO  com.icinfo.framework.security.shiro.DefaultShiroChainServiceImpl - /admin/dashboard=anon
2017-11-10 10:38:42,641 [main] INFO  com.icinfo.framework.security.shiro.DefaultShiroChainServiceImpl - /admin/login=anon
2017-11-10 10:38:42,641 [main] INFO  com.icinfo.framework.security.shiro.DefaultShiroChainServiceImpl - /admin/logout=logout
2017-11-10 10:38:42,641 [main] INFO  com.icinfo.framework.security.shiro.DefaultShiroChainServiceImpl - /admin/error/**=anon
2017-11-10 10:38:42,641 [main] INFO  com.icinfo.framework.security.shiro.DefaultShiroChainServiceImpl - /admin/**=anon
2017-11-10 10:38:42,641 [main] INFO  com.icinfo.framework.security.shiro.DefaultShiroChainServiceImpl - /**=anon
2017-11-10 10:38:42,641 [main] INFO  com.icinfo.framework.security.shiro.DefaultShiroChainServiceImpl - ====================================================
2017-11-10 10:38:42,791 [main] INFO  org.quartz.impl.StdSchedulerFactory - Using default implementation for ThreadExecutor
2017-11-10 10:38:42,802 [main] INFO  org.quartz.core.SchedulerSignalerImpl - Initialized Scheduler Signaller of type: class org.quartz.core.SchedulerSignalerImpl
2017-11-10 10:38:42,802 [main] INFO  org.quartz.core.QuartzScheduler - Quartz Scheduler v.2.2.3 created.
2017-11-10 10:38:42,803 [main] INFO  org.quartz.simpl.RAMJobStore - RAMJobStore initialized.
2017-11-10 10:38:42,804 [main] INFO  org.quartz.core.QuartzScheduler - Scheduler meta-data: Quartz Scheduler (v2.2.3) 'schedulerFactoryBean' with instanceId 'NON_CLUSTERED'
  Scheduler class: 'org.quartz.core.QuartzScheduler' - running locally.
  NOT STARTED.
  Currently in standby mode.
  Number of jobs executed: 0
  Using thread pool 'org.quartz.simpl.SimpleThreadPool' - with 10 threads.
  Using job-store 'org.quartz.simpl.RAMJobStore' - which does not support persistence. and is not clustered.

2017-11-10 10:38:42,804 [main] INFO  org.quartz.impl.StdSchedulerFactory - Quartz scheduler 'schedulerFactoryBean' initialized from an externally provided properties instance.
2017-11-10 10:38:42,804 [main] INFO  org.quartz.impl.StdSchedulerFactory - Quartz scheduler version: 2.2.3
2017-11-10 10:38:42,805 [main] INFO  org.quartz.core.QuartzScheduler - JobFactory set to: org.springframework.scheduling.quartz.AdaptableJobFactory@3668d4
2017-11-10 10:38:42,924 [main] INFO  org.quartz.core.QuartzScheduler - Scheduler schedulerFactoryBean_$_NON_CLUSTERED started.
2017-11-10 10:38:43,167 [main] DEBUG com.lh.blog.system.mapper.UserMapper.selectByPrimaryKey - ==>  Preparing: select id, user_name, password, age from user_t where id = ? 
2017-11-10 10:38:43,185 [main] DEBUG com.lh.blog.system.mapper.UserMapper.selectByPrimaryKey - ==> Parameters: 1(Integer)
2017-11-10 10:38:43,198 [main] DEBUG com.lh.blog.system.mapper.UserMapper.selectByPrimaryKey - <==      Total: 1
