2017-11-08 10:37:21,562 [main] INFO  com.icinfo.framework.security.shiro.DefaultShiroChainServiceImpl - ====================================================
2017-11-08 10:37:21,566 [main] INFO  com.icinfo.framework.security.shiro.DefaultShiroChainServiceImpl - 权限加载完成，共耗时：0秒
2017-11-08 10:37:21,567 [main] INFO  com.icinfo.framework.security.shiro.DefaultShiroChainServiceImpl - 加载权限信息列表：
2017-11-08 10:37:21,567 [main] INFO  com.icinfo.framework.security.shiro.DefaultShiroChainServiceImpl - /admin=anon
2017-11-08 10:37:21,567 [main] INFO  com.icinfo.framework.security.shiro.DefaultShiroChainServiceImpl - /admin/=anon
2017-11-08 10:37:21,567 [main] INFO  com.icinfo.framework.security.shiro.DefaultShiroChainServiceImpl - /admin/dashboard=anon
2017-11-08 10:37:21,567 [main] INFO  com.icinfo.framework.security.shiro.DefaultShiroChainServiceImpl - /admin/login=anon
2017-11-08 10:37:21,567 [main] INFO  com.icinfo.framework.security.shiro.DefaultShiroChainServiceImpl - /admin/logout=logout
2017-11-08 10:37:21,567 [main] INFO  com.icinfo.framework.security.shiro.DefaultShiroChainServiceImpl - /admin/error/**=anon
2017-11-08 10:37:21,567 [main] INFO  com.icinfo.framework.security.shiro.DefaultShiroChainServiceImpl - /admin/**=anon
2017-11-08 10:37:21,567 [main] INFO  com.icinfo.framework.security.shiro.DefaultShiroChainServiceImpl - /**=anon
2017-11-08 10:37:21,567 [main] INFO  com.icinfo.framework.security.shiro.DefaultShiroChainServiceImpl - ====================================================
2017-11-08 10:37:21,684 [main] INFO  org.quartz.impl.StdSchedulerFactory - Using default implementation for ThreadExecutor
2017-11-08 10:37:21,707 [main] INFO  org.quartz.core.SchedulerSignalerImpl - Initialized Scheduler Signaller of type: class org.quartz.core.SchedulerSignalerImpl
2017-11-08 10:37:21,707 [main] INFO  org.quartz.core.QuartzScheduler - Quartz Scheduler v.2.2.3 created.
2017-11-08 10:37:21,707 [main] INFO  org.quartz.simpl.RAMJobStore - RAMJobStore initialized.
2017-11-08 10:37:21,708 [main] INFO  org.quartz.core.QuartzScheduler - Scheduler meta-data: Quartz Scheduler (v2.2.3) 'schedulerFactoryBean' with instanceId 'NON_CLUSTERED'
  Scheduler class: 'org.quartz.core.QuartzScheduler' - running locally.
  NOT STARTED.
  Currently in standby mode.
  Number of jobs executed: 0
  Using thread pool 'org.quartz.simpl.SimpleThreadPool' - with 10 threads.
  Using job-store 'org.quartz.simpl.RAMJobStore' - which does not support persistence. and is not clustered.

2017-11-08 10:37:21,708 [main] INFO  org.quartz.impl.StdSchedulerFactory - Quartz scheduler 'schedulerFactoryBean' initialized from an externally provided properties instance.
2017-11-08 10:37:21,708 [main] INFO  org.quartz.impl.StdSchedulerFactory - Quartz scheduler version: 2.2.3
2017-11-08 10:37:21,709 [main] INFO  org.quartz.core.QuartzScheduler - JobFactory set to: org.springframework.scheduling.quartz.AdaptableJobFactory@260e86a1
2017-11-08 10:37:21,733 [main] INFO  org.quartz.core.QuartzScheduler - Scheduler schedulerFactoryBean_$_NON_CLUSTERED started.
2017-11-08 10:37:22,019 [main] DEBUG com.lh.blog.system.mapper.UserMapper.selectByPrimaryKey - ==>  Preparing: select id, user_name, password, age from user_t where id = ? 
2017-11-08 10:37:22,038 [main] DEBUG com.lh.blog.system.mapper.UserMapper.selectByPrimaryKey - ==> Parameters: 1(Integer)
2017-11-08 10:37:22,061 [main] DEBUG com.lh.blog.system.mapper.UserMapper.selectByPrimaryKey - <==      Total: 1
2017-11-08 13:36:26,556 [main] INFO  com.icinfo.framework.security.shiro.DefaultShiroChainServiceImpl - ====================================================
2017-11-08 13:36:26,567 [main] INFO  com.icinfo.framework.security.shiro.DefaultShiroChainServiceImpl - 权限加载完成，共耗时：0秒
2017-11-08 13:36:26,567 [main] INFO  com.icinfo.framework.security.shiro.DefaultShiroChainServiceImpl - 加载权限信息列表：
2017-11-08 13:36:26,567 [main] INFO  com.icinfo.framework.security.shiro.DefaultShiroChainServiceImpl - /admin=anon
2017-11-08 13:36:26,567 [main] INFO  com.icinfo.framework.security.shiro.DefaultShiroChainServiceImpl - /admin/=anon
2017-11-08 13:36:26,567 [main] INFO  com.icinfo.framework.security.shiro.DefaultShiroChainServiceImpl - /admin/dashboard=anon
2017-11-08 13:36:26,567 [main] INFO  com.icinfo.framework.security.shiro.DefaultShiroChainServiceImpl - /admin/login=anon
2017-11-08 13:36:26,567 [main] INFO  com.icinfo.framework.security.shiro.DefaultShiroChainServiceImpl - /admin/logout=logout
2017-11-08 13:36:26,567 [main] INFO  com.icinfo.framework.security.shiro.DefaultShiroChainServiceImpl - /admin/error/**=anon
2017-11-08 13:36:26,567 [main] INFO  com.icinfo.framework.security.shiro.DefaultShiroChainServiceImpl - /admin/**=anon
2017-11-08 13:36:26,567 [main] INFO  com.icinfo.framework.security.shiro.DefaultShiroChainServiceImpl - /**=anon
2017-11-08 13:36:26,567 [main] INFO  com.icinfo.framework.security.shiro.DefaultShiroChainServiceImpl - ====================================================
2017-11-08 13:36:26,687 [main] INFO  org.quartz.impl.StdSchedulerFactory - Using default implementation for ThreadExecutor
2017-11-08 13:36:26,697 [main] INFO  org.quartz.core.SchedulerSignalerImpl - Initialized Scheduler Signaller of type: class org.quartz.core.SchedulerSignalerImpl
2017-11-08 13:36:26,697 [main] INFO  org.quartz.core.QuartzScheduler - Quartz Scheduler v.2.2.3 created.
2017-11-08 13:36:26,697 [main] INFO  org.quartz.simpl.RAMJobStore - RAMJobStore initialized.
2017-11-08 13:36:26,698 [main] INFO  org.quartz.core.QuartzScheduler - Scheduler meta-data: Quartz Scheduler (v2.2.3) 'schedulerFactoryBean' with instanceId 'NON_CLUSTERED'
  Scheduler class: 'org.quartz.core.QuartzScheduler' - running locally.
  NOT STARTED.
  Currently in standby mode.
  Number of jobs executed: 0
  Using thread pool 'org.quartz.simpl.SimpleThreadPool' - with 10 threads.
  Using job-store 'org.quartz.simpl.RAMJobStore' - which does not support persistence. and is not clustered.

2017-11-08 13:36:26,698 [main] INFO  org.quartz.impl.StdSchedulerFactory - Quartz scheduler 'schedulerFactoryBean' initialized from an externally provided properties instance.
2017-11-08 13:36:26,698 [main] INFO  org.quartz.impl.StdSchedulerFactory - Quartz scheduler version: 2.2.3
2017-11-08 13:36:26,699 [main] INFO  org.quartz.core.QuartzScheduler - JobFactory set to: org.springframework.scheduling.quartz.AdaptableJobFactory@4fce136b
2017-11-08 13:36:26,721 [main] INFO  org.quartz.core.QuartzScheduler - Scheduler schedulerFactoryBean_$_NON_CLUSTERED started.
2017-11-08 13:36:26,947 [main] DEBUG com.lh.blog.system.mapper.UserMapper.selectByPrimaryKey - ==>  Preparing: select id, user_name, password, age from user_t where id = ? 
2017-11-08 13:36:26,968 [main] DEBUG com.lh.blog.system.mapper.UserMapper.selectByPrimaryKey - ==> Parameters: 1(Integer)
2017-11-08 13:36:26,981 [main] DEBUG com.lh.blog.system.mapper.UserMapper.selectByPrimaryKey - <==      Total: 1
